<?xml version='1.0' encoding='UTF-8'?>
<testsuite hostname="JP00202153" name="ExcelerSuite" tests="1" errors="0" failures="0" time="0.047">
                     <properties>
[...]
</properties>
                     <testcase classname="ExcelerSuite" name="Hello, world" time="0.047">
                                                 
                                               </testcase>
                     <system-out></system-out>
                     <system-err></system-err>
                   </testsuite>